<?xml version="1.0" encoding="UTF-8"?>
<coverage generated="1698419202805" clover="3.2.0">
  <project timestamp="1698419202805" name="All files">
    <metrics statements="214" coveredstatements="101" conditionals="120" coveredconditionals="40" methods="68" coveredmethods="37" elements="402" coveredelements="178" complexity="0" loc="214" ncloc="214" packages="4" files="10" classes="10"/>
    <package name="src">
      <metrics statements="25" coveredstatements="10" conditionals="8" coveredconditionals="3" methods="6" coveredmethods="2"/>
      <file name="App.js" path="/Users/hanfeichi/Desktop/react-prj/src/App.js">
        <metrics statements="1" coveredstatements="0" conditionals="0" coveredconditionals="0" methods="1" coveredmethods="0"/>
        <line num="9" count="0" type="stmt"/>
      </file>
      <file name="actions.js" path="/Users/hanfeichi/Desktop/react-prj/src/actions.js">
        <metrics statements="6" coveredstatements="5" conditionals="0" coveredconditionals="0" methods="2" coveredmethods="1"/>
        <line num="1" count="3" type="stmt"/>
        <line num="2" count="3" type="stmt"/>
        <line num="4" count="3" type="stmt"/>
        <line num="5" count="3" type="stmt"/>
        <line num="10" count="3" type="stmt"/>
        <line num="11" count="0" type="stmt"/>
      </file>
      <file name="index.js" path="/Users/hanfeichi/Desktop/react-prj/src/index.js">
        <metrics statements="4" coveredstatements="0" conditionals="0" coveredconditionals="0" methods="0" coveredmethods="0"/>
        <line num="11" count="0" type="stmt"/>
        <line num="15" count="0" type="stmt"/>
        <line num="16" count="0" type="stmt"/>
        <line num="24" count="0" type="stmt"/>
      </file>
      <file name="reducers.js" path="/Users/hanfeichi/Desktop/react-prj/src/reducers.js">
        <metrics statements="6" coveredstatements="5" conditionals="4" coveredconditionals="3" methods="1" coveredmethods="1"/>
        <line num="4" count="3" type="stmt"/>
        <line num="8" count="3" type="cond" truecount="1" falsecount="0"/>
        <line num="9" count="18" type="cond" truecount="2" falsecount="1"/>
        <line num="11" count="3" type="stmt"/>
        <line num="16" count="0" type="stmt"/>
        <line num="21" count="15" type="stmt"/>
      </file>
      <file name="reportWebVitals.js" path="/Users/hanfeichi/Desktop/react-prj/src/reportWebVitals.js">
        <metrics statements="8" coveredstatements="0" conditionals="4" coveredconditionals="0" methods="2" coveredmethods="0"/>
        <line num="1" count="0" type="stmt"/>
        <line num="2" count="0" type="cond" truecount="0" falsecount="4"/>
        <line num="3" count="0" type="stmt"/>
        <line num="4" count="0" type="stmt"/>
        <line num="5" count="0" type="stmt"/>
        <line num="6" count="0" type="stmt"/>
        <line num="7" count="0" type="stmt"/>
        <line num="8" count="0" type="stmt"/>
      </file>
    </package>
    <package name="src.components.Landing">
      <metrics statements="55" coveredstatements="21" conditionals="32" coveredconditionals="6" methods="14" coveredmethods="7"/>
      <file name="Landing.js" path="/Users/hanfeichi/Desktop/react-prj/src/components/Landing/Landing.js">
        <metrics statements="1" coveredstatements="0" conditionals="0" coveredconditionals="0" methods="1" coveredmethods="0"/>
        <line num="7" count="0" type="stmt"/>
      </file>
      <file name="Login.js" path="/Users/hanfeichi/Desktop/react-prj/src/components/Landing/Login.js">
        <metrics statements="22" coveredstatements="21" conditionals="6" coveredconditionals="6" methods="8" coveredmethods="7"/>
        <line num="7" count="30" type="stmt"/>
        <line num="8" count="30" type="stmt"/>
        <line num="9" count="30" type="stmt"/>
        <line num="10" count="30" type="stmt"/>
        <line num="11" count="30" type="stmt"/>
        <line num="12" count="30" type="stmt"/>
        <line num="14" count="30" type="stmt"/>
        <line num="15" count="6" type="stmt"/>
        <line num="16" count="0" type="stmt"/>
        <line num="18" count="6" type="stmt"/>
        <line num="22" count="30" type="stmt"/>
        <line num="23" count="6" type="stmt"/>
        <line num="25" count="45" type="cond" truecount="2" falsecount="0"/>
        <line num="26" count="6" type="cond" truecount="2" falsecount="0"/>
        <line num="27" count="3" type="stmt"/>
        <line num="28" count="3" type="stmt"/>
        <line num="29" count="3" type="stmt"/>
        <line num="31" count="3" type="stmt"/>
        <line num="33" count="3" type="stmt"/>
        <line num="37" count="30" type="stmt"/>
        <line num="49" count="6" type="stmt"/>
        <line num="63" count="6" type="stmt"/>
      </file>
      <file name="Registration.js" path="/Users/hanfeichi/Desktop/react-prj/src/components/Landing/Registration.js">
        <metrics statements="32" coveredstatements="0" conditionals="26" coveredconditionals="0" methods="5" coveredmethods="0"/>
        <line num="5" count="0" type="stmt"/>
        <line num="14" count="0" type="stmt"/>
        <line num="15" count="0" type="stmt"/>
        <line num="17" count="0" type="stmt"/>
        <line num="18" count="0" type="stmt"/>
        <line num="19" count="0" type="stmt"/>
        <line num="25" count="0" type="stmt"/>
        <line num="26" count="0" type="stmt"/>
        <line num="28" count="0" type="stmt"/>
        <line num="30" count="0" type="cond" truecount="0" falsecount="2"/>
        <line num="31" count="0" type="stmt"/>
        <line num="34" count="0" type="cond" truecount="0" falsecount="2"/>
        <line num="35" count="0" type="stmt"/>
        <line num="38" count="0" type="stmt"/>
        <line num="39" count="0" type="cond" truecount="0" falsecount="2"/>
        <line num="40" count="0" type="stmt"/>
        <line num="43" count="0" type="stmt"/>
        <line num="44" count="0" type="cond" truecount="0" falsecount="2"/>
        <line num="45" count="0" type="stmt"/>
        <line num="48" count="0" type="stmt"/>
        <line num="49" count="0" type="stmt"/>
        <line num="50" count="0" type="cond" truecount="0" falsecount="2"/>
        <line num="51" count="0" type="stmt"/>
        <line num="54" count="0" type="cond" truecount="0" falsecount="2"/>
        <line num="55" count="0" type="stmt"/>
        <line num="58" count="0" type="stmt"/>
        <line num="60" count="0" type="cond" truecount="0" falsecount="2"/>
        <line num="61" count="0" type="stmt"/>
        <line num="66" count="0" type="stmt"/>
        <line num="67" count="0" type="stmt"/>
        <line num="77" count="0" type="stmt"/>
        <line num="80" count="0" type="stmt"/>
      </file>
    </package>
    <package name="src.components.Main">
      <metrics statements="95" coveredstatements="59" conditionals="38" coveredconditionals="26" methods="40" coveredmethods="23"/>
      <file name="Main.js" path="/Users/hanfeichi/Desktop/react-prj/src/components/Main/Main.js">
        <metrics statements="95" coveredstatements="59" conditionals="38" coveredconditionals="26" methods="40" coveredmethods="23"/>
        <line num="8" count="26" type="stmt"/>
        <line num="9" count="26" type="stmt"/>
        <line num="10" count="26" type="stmt"/>
        <line num="11" count="26" type="stmt"/>
        <line num="12" count="26" type="stmt"/>
        <line num="13" count="26" type="stmt"/>
        <line num="14" count="26" type="stmt"/>
        <line num="15" count="26" type="stmt"/>
        <line num="16" count="26" type="stmt"/>
        <line num="17" count="26" type="stmt"/>
        <line num="18" count="26" type="stmt"/>
        <line num="19" count="26" type="stmt"/>
        <line num="20" count="31" type="stmt"/>
        <line num="23" count="26" type="stmt"/>
        <line num="25" count="26" type="stmt"/>
        <line num="26" count="5" type="stmt"/>
        <line num="27" count="5" type="cond" truecount="1" falsecount="1"/>
        <line num="28" count="5" type="stmt"/>
        <line num="30" count="0" type="stmt"/>
        <line num="39" count="5" type="stmt"/>
        <line num="40" count="0" type="stmt"/>
        <line num="41" count="5" type="stmt"/>
        <line num="45" count="26" type="stmt"/>
        <line num="46" count="10" type="cond" truecount="4" falsecount="0"/>
        <line num="47" count="5" type="cond" truecount="2" falsecount="0"/>
        <line num="52" count="26" type="stmt"/>
        <line num="53" count="10" type="stmt"/>
        <line num="54" count="50" type="stmt"/>
        <line num="55" count="10" type="stmt"/>
        <line num="59" count="26" type="stmt"/>
        <line num="60" count="17" type="stmt"/>
        <line num="61" count="0" type="stmt"/>
        <line num="63" count="21" type="stmt"/>
        <line num="64" count="17" type="cond" truecount="4" falsecount="0"/>
        <line num="65" count="12" type="stmt"/>
        <line num="67" count="1700" type="stmt"/>
        <line num="68" count="17" type="stmt"/>
        <line num="73" count="26" type="stmt"/>
        <line num="74" count="0" type="stmt"/>
        <line num="75" count="0" type="stmt"/>
        <line num="79" count="26" type="stmt"/>
        <line num="80" count="0" type="stmt"/>
        <line num="81" count="0" type="stmt"/>
        <line num="82" count="0" type="stmt"/>
        <line num="83" count="0" type="stmt"/>
        <line num="87" count="26" type="stmt"/>
        <line num="88" count="3" type="stmt"/>
        <line num="92" count="26" type="stmt"/>
        <line num="93" count="1" type="cond" truecount="1" falsecount="1"/>
        <line num="94" count="5" type="stmt"/>
        <line num="96" count="1" type="cond" truecount="1" falsecount="1"/>
        <line num="97" count="0" type="stmt"/>
        <line num="99" count="3" type="cond" truecount="1" falsecount="1"/>
        <line num="100" count="0" type="stmt"/>
        <line num="103" count="1" type="stmt"/>
        <line num="104" count="1" type="stmt"/>
        <line num="105" count="1" type="stmt"/>
        <line num="111" count="26" type="stmt"/>
        <line num="112" count="0" type="cond" truecount="0" falsecount="2"/>
        <line num="113" count="0" type="stmt"/>
        <line num="119" count="0" type="stmt"/>
        <line num="120" count="0" type="stmt"/>
        <line num="124" count="26" type="stmt"/>
        <line num="125" count="0" type="stmt"/>
        <line num="126" count="0" type="stmt"/>
        <line num="129" count="26" type="stmt"/>
        <line num="130" count="0" type="stmt"/>
        <line num="131" count="0" type="stmt"/>
        <line num="134" count="26" type="stmt"/>
        <line num="135" count="0" type="stmt"/>
        <line num="136" count="0" type="stmt"/>
        <line num="137" count="0" type="stmt"/>
        <line num="140" count="26" type="stmt"/>
        <line num="141" count="0" type="cond" truecount="0" falsecount="2"/>
        <line num="142" count="0" type="stmt"/>
        <line num="144" count="0" type="stmt"/>
        <line num="145" count="0" type="stmt"/>
        <line num="146" count="0" type="stmt"/>
        <line num="147" count="0" type="stmt"/>
        <line num="150" count="26" type="stmt"/>
        <line num="168" count="0" type="stmt"/>
        <line num="177" count="48" type="stmt"/>
        <line num="181" count="1" type="stmt"/>
        <line num="192" count="1" type="stmt"/>
        <line num="207" count="0" type="stmt"/>
        <line num="209" count="0" type="stmt"/>
        <line num="220" count="1" type="stmt"/>
        <line num="224" count="490" type="cond" truecount="2" falsecount="0"/>
        <line num="225" count="40" type="cond" truecount="2" falsecount="0"/>
        <line num="227" count="457" type="stmt"/>
        <line num="235" count="0" type="stmt"/>
        <line num="236" count="0" type="stmt"/>
        <line num="239" count="0" type="stmt"/>
        <line num="244" count="0" type="stmt"/>
        <line num="250" count="0" type="stmt"/>
      </file>
    </package>
    <package name="src.components.Profile">
      <metrics statements="39" coveredstatements="11" conditionals="42" coveredconditionals="5" methods="8" coveredmethods="5"/>
      <file name="Profile.js" path="/Users/hanfeichi/Desktop/react-prj/src/components/Profile/Profile.js">
        <metrics statements="39" coveredstatements="11" conditionals="42" coveredconditionals="5" methods="8" coveredmethods="5"/>
        <line num="7" count="10" type="stmt"/>
        <line num="9" count="6" type="stmt"/>
        <line num="10" count="6" type="stmt"/>
        <line num="17" count="6" type="stmt"/>
        <line num="20" count="6" type="stmt"/>
        <line num="21" count="4" type="stmt"/>
        <line num="22" count="2" type="stmt"/>
        <line num="24" count="2" type="cond" truecount="1" falsecount="1"/>
        <line num="28" count="6" type="stmt"/>
        <line num="29" count="0" type="stmt"/>
        <line num="30" count="0" type="stmt"/>
        <line num="36" count="6" type="stmt"/>
        <line num="37" count="0" type="stmt"/>
        <line num="39" count="0" type="stmt"/>
        <line num="41" count="0" type="cond" truecount="0" falsecount="4"/>
        <line num="42" count="0" type="stmt"/>
        <line num="45" count="0" type="cond" truecount="0" falsecount="4"/>
        <line num="46" count="0" type="stmt"/>
        <line num="49" count="0" type="stmt"/>
        <line num="50" count="0" type="cond" truecount="0" falsecount="4"/>
        <line num="51" count="0" type="stmt"/>
        <line num="54" count="0" type="stmt"/>
        <line num="55" count="0" type="cond" truecount="0" falsecount="4"/>
        <line num="56" count="0" type="stmt"/>
        <line num="59" count="0" type="stmt"/>
        <line num="61" count="0" type="cond" truecount="0" falsecount="2"/>
        <line num="62" count="0" type="stmt"/>
        <line num="63" count="0" type="cond" truecount="0" falsecount="2"/>
        <line num="64" count="0" type="cond" truecount="0" falsecount="2"/>
        <line num="65" count="0" type="cond" truecount="0" falsecount="2"/>
        <line num="66" count="0" type="cond" truecount="0" falsecount="2"/>
        <line num="67" count="0" type="cond" truecount="0" falsecount="2"/>
        <line num="68" count="0" type="stmt"/>
        <line num="70" count="0" type="cond" truecount="0" falsecount="2"/>
        <line num="71" count="0" type="cond" truecount="0" falsecount="2"/>
        <line num="72" count="0" type="stmt"/>
        <line num="74" count="0" type="stmt"/>
        <line num="76" count="0" type="stmt"/>
        <line num="86" count="6" type="stmt"/>
      </file>
    </package>
  </project>
</coverage>
