{"/Users/hanfeichi/Desktop/react-prj/src/App.js": {"path":"/Users/hanfeichi/Desktop/react-prj/src/App.js","statementMap":{"0":{"start":{"line":9,"column":4},"end":{"line":18,"column":6}}},"fnMap":{"0":{"name":"App","decl":{"start":{"line":8,"column":9},"end":{"line":8,"column":12}},"loc":{"start":{"line":8,"column":15},"end":{"line":19,"column":1}},"line":8}},"branchMap":{},"s":{"0":0},"f":{"0":0},"b":{}}
,"/Users/hanfeichi/Desktop/react-prj/src/actions.js": {"path":"/Users/hanfeichi/Desktop/react-prj/src/actions.js","statementMap":{"0":{"start":{"line":1,"column":24},"end":{"line":1,"column":34}},"1":{"start":{"line":2,"column":27},"end":{"line":2,"column":40}},"2":{"start":{"line":4,"column":23},"end":{"line":9,"column":1}},"3":{"start":{"line":5,"column":4},"end":{"line":8,"column":6}},"4":{"start":{"line":10,"column":26},"end":{"line":14,"column":1}},"5":{"start":{"line":11,"column":4},"end":{"line":13,"column":6}}},"fnMap":{"0":{"name":"(anonymous_0)","decl":{"start":{"line":4,"column":23},"end":{"line":4,"column":24}},"loc":{"start":{"line":4,"column":37},"end":{"line":9,"column":1}},"line":4},"1":{"name":"(anonymous_1)","decl":{"start":{"line":10,"column":26},"end":{"line":10,"column":27}},"loc":{"start":{"line":10,"column":32},"end":{"line":14,"column":1}},"line":10}},"branchMap":{},"s":{"0":3,"1":3,"2":3,"3":3,"4":3,"5":0},"f":{"0":3,"1":0},"b":{},"_coverageSchema":"1a1c01bbd47fc00a2c39e90264f33305004495a9","hash":"18912a2714ee37144989e2dfec5e088b529ef207"}
,"/Users/hanfeichi/Desktop/react-prj/src/index.js": {"path":"/Users/hanfeichi/Desktop/react-prj/src/index.js","statementMap":{"0":{"start":{"line":11,"column":14},"end":{"line":13,"column":2}},"1":{"start":{"line":15,"column":13},"end":{"line":15,"column":65}},"2":{"start":{"line":16,"column":0},"end":{"line":22,"column":2}},"3":{"start":{"line":24,"column":0},"end":{"line":24,"column":18}}},"fnMap":{},"branchMap":{},"s":{"0":0,"1":0,"2":0,"3":0},"f":{},"b":{}}
,"/Users/hanfeichi/Desktop/react-prj/src/reducers.js": {"path":"/Users/hanfeichi/Desktop/react-prj/src/reducers.js","statementMap":{"0":{"start":{"line":4,"column":21},"end":{"line":6,"column":1}},"1":{"start":{"line":8,"column":20},"end":{"line":23,"column":1}},"2":{"start":{"line":9,"column":4},"end":{"line":22,"column":5}},"3":{"start":{"line":11,"column":12},"end":{"line":14,"column":14}},"4":{"start":{"line":16,"column":12},"end":{"line":19,"column":14}},"5":{"start":{"line":21,"column":12},"end":{"line":21,"column":25}}},"fnMap":{"0":{"name":"(anonymous_0)","decl":{"start":{"line":8,"column":20},"end":{"line":8,"column":21}},"loc":{"start":{"line":8,"column":54},"end":{"line":23,"column":1}},"line":8}},"branchMap":{"0":{"loc":{"start":{"line":8,"column":21},"end":{"line":8,"column":41}},"type":"default-arg","locations":[{"start":{"line":8,"column":29},"end":{"line":8,"column":41}}],"line":8},"1":{"loc":{"start":{"line":9,"column":4},"end":{"line":22,"column":5}},"type":"switch","locations":[{"start":{"line":10,"column":8},"end":{"line":14,"column":14}},{"start":{"line":15,"column":8},"end":{"line":19,"column":14}},{"start":{"line":20,"column":8},"end":{"line":21,"column":25}}],"line":9}},"s":{"0":3,"1":3,"2":18,"3":3,"4":0,"5":15},"f":{"0":18},"b":{"0":[6],"1":[3,0,15]},"_coverageSchema":"1a1c01bbd47fc00a2c39e90264f33305004495a9","hash":"ff80cfb29d6e892162d0b866a3d9f92fb86573cb"}
,"/Users/hanfeichi/Desktop/react-prj/src/reportWebVitals.js": {"path":"/Users/hanfeichi/Desktop/react-prj/src/reportWebVitals.js","statementMap":{"0":{"start":{"line":1,"column":24},"end":{"line":11,"column":1}},"1":{"start":{"line":2,"column":2},"end":{"line":10,"column":3}},"2":{"start":{"line":3,"column":4},"end":{"line":9,"column":7}},"3":{"start":{"line":4,"column":6},"end":{"line":4,"column":26}},"4":{"start":{"line":5,"column":6},"end":{"line":5,"column":26}},"5":{"start":{"line":6,"column":6},"end":{"line":6,"column":26}},"6":{"start":{"line":7,"column":6},"end":{"line":7,"column":26}},"7":{"start":{"line":8,"column":6},"end":{"line":8,"column":27}}},"fnMap":{"0":{"name":"(anonymous_0)","decl":{"start":{"line":1,"column":24},"end":{"line":1,"column":25}},"loc":{"start":{"line":1,"column":39},"end":{"line":11,"column":1}},"line":1},"1":{"name":"(anonymous_1)","decl":{"start":{"line":3,"column":30},"end":{"line":3,"column":31}},"loc":{"start":{"line":3,"column":79},"end":{"line":9,"column":5}},"line":3}},"branchMap":{"0":{"loc":{"start":{"line":2,"column":2},"end":{"line":10,"column":3}},"type":"if","locations":[{"start":{"line":2,"column":2},"end":{"line":10,"column":3}},{"start":{},"end":{}}],"line":2},"1":{"loc":{"start":{"line":2,"column":6},"end":{"line":2,"column":52}},"type":"binary-expr","locations":[{"start":{"line":2,"column":6},"end":{"line":2,"column":17}},{"start":{"line":2,"column":21},"end":{"line":2,"column":52}}],"line":2}},"s":{"0":0,"1":0,"2":0,"3":0,"4":0,"5":0,"6":0,"7":0},"f":{"0":0,"1":0},"b":{"0":[0,0],"1":[0,0]}}
,"/Users/hanfeichi/Desktop/react-prj/src/components/Landing/Landing.js": {"path":"/Users/hanfeichi/Desktop/react-prj/src/components/Landing/Landing.js","statementMap":{"0":{"start":{"line":7,"column":4},"end":{"line":21,"column":6}}},"fnMap":{"0":{"name":"Landing","decl":{"start":{"line":6,"column":9},"end":{"line":6,"column":16}},"loc":{"start":{"line":6,"column":19},"end":{"line":22,"column":1}},"line":6}},"branchMap":{},"s":{"0":0},"f":{"0":0},"b":{}}
,"/Users/hanfeichi/Desktop/react-prj/src/components/Landing/Login.js": {"path":"/Users/hanfeichi/Desktop/react-prj/src/components/Landing/Login.js","statementMap":{"0":{"start":{"line":7,"column":36},"end":{"line":7,"column":48}},"1":{"start":{"line":8,"column":36},"end":{"line":8,"column":48}},"2":{"start":{"line":9,"column":30},"end":{"line":9,"column":42}},"3":{"start":{"line":10,"column":32},"end":{"line":10,"column":44}},"4":{"start":{"line":11,"column":21},"end":{"line":11,"column":34}},"5":{"start":{"line":12,"column":21},"end":{"line":12,"column":34}},"6":{"start":{"line":14,"column":4},"end":{"line":20,"column":11}},"7":{"start":{"line":15,"column":8},"end":{"line":19,"column":15}},"8":{"start":{"line":16,"column":30},"end":{"line":16,"column":45}},"9":{"start":{"line":18,"column":16},"end":{"line":18,"column":31}},"10":{"start":{"line":22,"column":25},"end":{"line":35,"column":5}},"11":{"start":{"line":23,"column":8},"end":{"line":23,"column":27}},"12":{"start":{"line":25,"column":28},"end":{"line":25,"column":110}},"13":{"start":{"line":25,"column":47},"end":{"line":25,"column":109}},"14":{"start":{"line":26,"column":8},"end":{"line":34,"column":9}},"15":{"start":{"line":27,"column":12},"end":{"line":27,"column":52}},"16":{"start":{"line":28,"column":12},"end":{"line":28,"column":77}},"17":{"start":{"line":29,"column":12},"end":{"line":29,"column":40}},"18":{"start":{"line":31,"column":12},"end":{"line":31,"column":30}},"19":{"start":{"line":33,"column":12},"end":{"line":33,"column":54}},"20":{"start":{"line":37,"column":4},"end":{"line":72,"column":6}},"21":{"start":{"line":49,"column":45},"end":{"line":49,"column":72}},"22":{"start":{"line":63,"column":45},"end":{"line":63,"column":72}}},"fnMap":{"0":{"name":"Login","decl":{"start":{"line":6,"column":9},"end":{"line":6,"column":14}},"loc":{"start":{"line":6,"column":17},"end":{"line":73,"column":1}},"line":6},"1":{"name":"(anonymous_1)","decl":{"start":{"line":14,"column":14},"end":{"line":14,"column":15}},"loc":{"start":{"line":14,"column":20},"end":{"line":20,"column":5}},"line":14},"2":{"name":"(anonymous_2)","decl":{"start":{"line":16,"column":18},"end":{"line":16,"column":19}},"loc":{"start":{"line":16,"column":30},"end":{"line":16,"column":45}},"line":16},"3":{"name":"(anonymous_3)","decl":{"start":{"line":17,"column":18},"end":{"line":17,"column":19}},"loc":{"start":{"line":17,"column":26},"end":{"line":19,"column":13}},"line":17},"4":{"name":"(anonymous_4)","decl":{"start":{"line":22,"column":25},"end":{"line":22,"column":26}},"loc":{"start":{"line":22,"column":32},"end":{"line":35,"column":5}},"line":22},"5":{"name":"(anonymous_5)","decl":{"start":{"line":25,"column":39},"end":{"line":25,"column":40}},"loc":{"start":{"line":25,"column":47},"end":{"line":25,"column":109}},"line":25},"6":{"name":"(anonymous_6)","decl":{"start":{"line":49,"column":38},"end":{"line":49,"column":39}},"loc":{"start":{"line":49,"column":45},"end":{"line":49,"column":72}},"line":49},"7":{"name":"(anonymous_7)","decl":{"start":{"line":63,"column":38},"end":{"line":63,"column":39}},"loc":{"start":{"line":63,"column":45},"end":{"line":63,"column":72}},"line":63}},"branchMap":{"0":{"loc":{"start":{"line":25,"column":47},"end":{"line":25,"column":109}},"type":"binary-expr","locations":[{"start":{"line":25,"column":47},"end":{"line":25,"column":73}},{"start":{"line":25,"column":77},"end":{"line":25,"column":109}}],"line":25},"1":{"loc":{"start":{"line":26,"column":8},"end":{"line":34,"column":9}},"type":"if","locations":[{"start":{"line":26,"column":8},"end":{"line":34,"column":9}},{"start":{"line":32,"column":15},"end":{"line":34,"column":9}}],"line":26},"2":{"loc":{"start":{"line":67,"column":21},"end":{"line":67,"column":74}},"type":"binary-expr","locations":[{"start":{"line":67,"column":21},"end":{"line":67,"column":27}},{"start":{"line":67,"column":31},"end":{"line":67,"column":74}}],"line":67}},"s":{"0":30,"1":30,"2":30,"3":30,"4":30,"5":30,"6":30,"7":6,"8":0,"9":6,"10":30,"11":6,"12":6,"13":45,"14":6,"15":3,"16":3,"17":3,"18":3,"19":3,"20":30,"21":6,"22":6},"f":{"0":30,"1":6,"2":0,"3":6,"4":6,"5":45,"6":6,"7":6},"b":{"0":[45,4],"1":[3,3],"2":[30,6]},"_coverageSchema":"1a1c01bbd47fc00a2c39e90264f33305004495a9","hash":"89adbd016e1a8452232a98cb6f0620a6a2667ec3"}
,"/Users/hanfeichi/Desktop/react-prj/src/components/Landing/Registration.js": {"path":"/Users/hanfeichi/Desktop/react-prj/src/components/Landing/Registration.js","statementMap":{"0":{"start":{"line":5,"column":36},"end":{"line":13,"column":6}},"1":{"start":{"line":14,"column":32},"end":{"line":14,"column":44}},"2":{"start":{"line":15,"column":21},"end":{"line":15,"column":34}},"3":{"start":{"line":17,"column":30},"end":{"line":23,"column":5}},"4":{"start":{"line":18,"column":32},"end":{"line":18,"column":40}},"5":{"start":{"line":19,"column":8},"end":{"line":22,"column":12}},"6":{"start":{"line":19,"column":31},"end":{"line":22,"column":9}},"7":{"start":{"line":25,"column":25},"end":{"line":64,"column":5}},"8":{"start":{"line":26,"column":8},"end":{"line":26,"column":27}},"9":{"start":{"line":28,"column":24},"end":{"line":28,"column":26}},"10":{"start":{"line":30,"column":8},"end":{"line":32,"column":9}},"11":{"start":{"line":31,"column":12},"end":{"line":31,"column":123}},"12":{"start":{"line":34,"column":8},"end":{"line":36,"column":9}},"13":{"start":{"line":35,"column":12},"end":{"line":35,"column":54}},"14":{"start":{"line":38,"column":27},"end":{"line":38,"column":48}},"15":{"start":{"line":39,"column":8},"end":{"line":41,"column":9}},"16":{"start":{"line":40,"column":12},"end":{"line":40,"column":77}},"17":{"start":{"line":43,"column":29},"end":{"line":43,"column":38}},"18":{"start":{"line":44,"column":8},"end":{"line":46,"column":9}},"19":{"start":{"line":45,"column":12},"end":{"line":45,"column":62}},"20":{"start":{"line":48,"column":28},"end":{"line":48,"column":52}},"21":{"start":{"line":49,"column":26},"end":{"line":49,"column":62}},"22":{"start":{"line":50,"column":8},"end":{"line":52,"column":9}},"23":{"start":{"line":51,"column":12},"end":{"line":51,"column":77}},"24":{"start":{"line":54,"column":8},"end":{"line":56,"column":9}},"25":{"start":{"line":55,"column":12},"end":{"line":55,"column":71}},"26":{"start":{"line":58,"column":8},"end":{"line":58,"column":29}},"27":{"start":{"line":60,"column":8},"end":{"line":63,"column":9}},"28":{"start":{"line":61,"column":12},"end":{"line":61,"column":30}},"29":{"start":{"line":66,"column":24},"end":{"line":78,"column":5}},"30":{"start":{"line":67,"column":8},"end":{"line":76,"column":11}},"31":{"start":{"line":77,"column":8},"end":{"line":77,"column":22}},"32":{"start":{"line":80,"column":4},"end":{"line":178,"column":6}}},"fnMap":{"0":{"name":"Registration","decl":{"start":{"line":4,"column":9},"end":{"line":4,"column":21}},"loc":{"start":{"line":4,"column":24},"end":{"line":179,"column":1}},"line":4},"1":{"name":"(anonymous_1)","decl":{"start":{"line":17,"column":30},"end":{"line":17,"column":31}},"loc":{"start":{"line":17,"column":37},"end":{"line":23,"column":5}},"line":17},"2":{"name":"(anonymous_2)","decl":{"start":{"line":19,"column":20},"end":{"line":19,"column":21}},"loc":{"start":{"line":19,"column":31},"end":{"line":22,"column":9}},"line":19},"3":{"name":"(anonymous_3)","decl":{"start":{"line":25,"column":25},"end":{"line":25,"column":26}},"loc":{"start":{"line":25,"column":32},"end":{"line":64,"column":5}},"line":25},"4":{"name":"(anonymous_4)","decl":{"start":{"line":66,"column":24},"end":{"line":66,"column":25}},"loc":{"start":{"line":66,"column":30},"end":{"line":78,"column":5}},"line":66}},"branchMap":{"0":{"loc":{"start":{"line":30,"column":8},"end":{"line":32,"column":9}},"type":"if","locations":[{"start":{"line":30,"column":8},"end":{"line":32,"column":9}},{"start":{},"end":{}}],"line":30},"1":{"loc":{"start":{"line":34,"column":8},"end":{"line":36,"column":9}},"type":"if","locations":[{"start":{"line":34,"column":8},"end":{"line":36,"column":9}},{"start":{},"end":{}}],"line":34},"2":{"loc":{"start":{"line":39,"column":8},"end":{"line":41,"column":9}},"type":"if","locations":[{"start":{"line":39,"column":8},"end":{"line":41,"column":9}},{"start":{},"end":{}}],"line":39},"3":{"loc":{"start":{"line":44,"column":8},"end":{"line":46,"column":9}},"type":"if","locations":[{"start":{"line":44,"column":8},"end":{"line":46,"column":9}},{"start":{},"end":{}}],"line":44},"4":{"loc":{"start":{"line":50,"column":8},"end":{"line":52,"column":9}},"type":"if","locations":[{"start":{"line":50,"column":8},"end":{"line":52,"column":9}},{"start":{},"end":{}}],"line":50},"5":{"loc":{"start":{"line":54,"column":8},"end":{"line":56,"column":9}},"type":"if","locations":[{"start":{"line":54,"column":8},"end":{"line":56,"column":9}},{"start":{},"end":{}}],"line":54},"6":{"loc":{"start":{"line":60,"column":8},"end":{"line":63,"column":9}},"type":"if","locations":[{"start":{"line":60,"column":8},"end":{"line":63,"column":9}},{"start":{},"end":{}}],"line":60},"7":{"loc":{"start":{"line":95,"column":21},"end":{"line":95,"column":92}},"type":"binary-expr","locations":[{"start":{"line":95,"column":21},"end":{"line":95,"column":36}},{"start":{"line":95,"column":40},"end":{"line":95,"column":92}}],"line":95},"8":{"loc":{"start":{"line":108,"column":21},"end":{"line":108,"column":86}},"type":"binary-expr","locations":[{"start":{"line":108,"column":21},"end":{"line":108,"column":33}},{"start":{"line":108,"column":37},"end":{"line":108,"column":86}}],"line":108},"9":{"loc":{"start":{"line":121,"column":21},"end":{"line":121,"column":86}},"type":"binary-expr","locations":[{"start":{"line":121,"column":21},"end":{"line":121,"column":33}},{"start":{"line":121,"column":37},"end":{"line":121,"column":86}}],"line":121},"10":{"loc":{"start":{"line":134,"column":21},"end":{"line":134,"column":82}},"type":"binary-expr","locations":[{"start":{"line":134,"column":21},"end":{"line":134,"column":31}},{"start":{"line":134,"column":35},"end":{"line":134,"column":82}}],"line":134},"11":{"loc":{"start":{"line":147,"column":21},"end":{"line":147,"column":90}},"type":"binary-expr","locations":[{"start":{"line":147,"column":21},"end":{"line":147,"column":35}},{"start":{"line":147,"column":39},"end":{"line":147,"column":90}}],"line":147},"12":{"loc":{"start":{"line":172,"column":21},"end":{"line":172,"column":116}},"type":"binary-expr","locations":[{"start":{"line":172,"column":21},"end":{"line":172,"column":48}},{"start":{"line":172,"column":52},"end":{"line":172,"column":116}}],"line":172}},"s":{"0":0,"1":0,"2":0,"3":0,"4":0,"5":0,"6":0,"7":0,"8":0,"9":0,"10":0,"11":0,"12":0,"13":0,"14":0,"15":0,"16":0,"17":0,"18":0,"19":0,"20":0,"21":0,"22":0,"23":0,"24":0,"25":0,"26":0,"27":0,"28":0,"29":0,"30":0,"31":0,"32":0},"f":{"0":0,"1":0,"2":0,"3":0,"4":0},"b":{"0":[0,0],"1":[0,0],"2":[0,0],"3":[0,0],"4":[0,0],"5":[0,0],"6":[0,0],"7":[0,0],"8":[0,0],"9":[0,0],"10":[0,0],"11":[0,0],"12":[0,0]}}
,"/Users/hanfeichi/Desktop/react-prj/src/components/Main/Main.js": {"path":"/Users/hanfeichi/Desktop/react-prj/src/components/Main/Main.js","statementMap":{"0":{"start":{"line":8,"column":28},"end":{"line":8,"column":40}},"1":{"start":{"line":9,"column":40},"end":{"line":9,"column":52}},"2":{"start":{"line":10,"column":38},"end":{"line":10,"column":50}},"3":{"start":{"line":11,"column":30},"end":{"line":11,"column":42}},"4":{"start":{"line":12,"column":40},"end":{"line":12,"column":52}},"5":{"start":{"line":13,"column":52},"end":{"line":13,"column":64}},"6":{"start":{"line":14,"column":38},"end":{"line":14,"column":50}},"7":{"start":{"line":15,"column":38},"end":{"line":15,"column":50}},"8":{"start":{"line":16,"column":46},"end":{"line":16,"column":58}},"9":{"start":{"line":17,"column":34},"end":{"line":17,"column":46}},"10":{"start":{"line":18,"column":19},"end":{"line":18,"column":32}},"11":{"start":{"line":19,"column":19},"end":{"line":19,"column":32}},"12":{"start":{"line":20,"column":26},"end":{"line":20,"column":62}},"13":{"start":{"line":20,"column":47},"end":{"line":20,"column":61}},"14":{"start":{"line":23,"column":24},"end":{"line":23,"column":716}},"15":{"start":{"line":25,"column":2},"end":{"line":42,"column":9}},"16":{"start":{"line":26,"column":23},"end":{"line":26,"column":58}},"17":{"start":{"line":27,"column":4},"end":{"line":31,"column":5}},"18":{"start":{"line":28,"column":6},"end":{"line":28,"column":45}},"19":{"start":{"line":30,"column":6},"end":{"line":30,"column":20}},"20":{"start":{"line":39,"column":4},"end":{"line":41,"column":36}},"21":{"start":{"line":40,"column":24},"end":{"line":40,"column":39}},"22":{"start":{"line":41,"column":20},"end":{"line":41,"column":34}},"23":{"start":{"line":45,"column":2},"end":{"line":49,"column":20}},"24":{"start":{"line":46,"column":4},"end":{"line":48,"column":5}},"25":{"start":{"line":47,"column":6},"end":{"line":47,"column":75}},"26":{"start":{"line":52,"column":2},"end":{"line":56,"column":27}},"27":{"start":{"line":53,"column":24},"end":{"line":53,"column":105}},"28":{"start":{"line":54,"column":21},"end":{"line":54,"column":72}},"29":{"start":{"line":54,"column":42},"end":{"line":54,"column":71}},"30":{"start":{"line":55,"column":4},"end":{"line":55,"column":35}},"31":{"start":{"line":59,"column":2},"end":{"line":70,"column":39}},"32":{"start":{"line":60,"column":4},"end":{"line":69,"column":9}},"33":{"start":{"line":61,"column":24},"end":{"line":61,"column":39}},"34":{"start":{"line":63,"column":24},"end":{"line":63,"column":62}},"35":{"start":{"line":63,"column":54},"end":{"line":63,"column":61}},"36":{"start":{"line":64,"column":8},"end":{"line":66,"column":9}},"37":{"start":{"line":65,"column":10},"end":{"line":65,"column":39}},"38":{"start":{"line":67,"column":33},"end":{"line":67,"column":89}},"39":{"start":{"line":67,"column":56},"end":{"line":67,"column":88}},"40":{"start":{"line":68,"column":8},"end":{"line":68,"column":38}},"41":{"start":{"line":73,"column":23},"end":{"line":76,"column":3}},"42":{"start":{"line":74,"column":4},"end":{"line":74,"column":27}},"43":{"start":{"line":75,"column":4},"end":{"line":75,"column":43}},"44":{"start":{"line":79,"column":29},"end":{"line":84,"column":3}},"45":{"start":{"line":80,"column":4},"end":{"line":80,"column":26}},"46":{"start":{"line":81,"column":4},"end":{"line":81,"column":32}},"47":{"start":{"line":82,"column":4},"end":{"line":82,"column":69}},"48":{"start":{"line":83,"column":4},"end":{"line":83,"column":18}},"49":{"start":{"line":87,"column":25},"end":{"line":89,"column":3}},"50":{"start":{"line":88,"column":4},"end":{"line":88,"column":78}},"51":{"start":{"line":88,"column":37},"end":{"line":88,"column":76}},"52":{"start":{"line":88,"column":61},"end":{"line":88,"column":75}},"53":{"start":{"line":92,"column":26},"end":{"line":108,"column":3}},"54":{"start":{"line":93,"column":4},"end":{"line":107,"column":5}},"55":{"start":{"line":94,"column":24},"end":{"line":94,"column":97}},"56":{"start":{"line":94,"column":43},"end":{"line":94,"column":96}},"57":{"start":{"line":96,"column":6},"end":{"line":106,"column":7}},"58":{"start":{"line":97,"column":8},"end":{"line":97,"column":68}},"59":{"start":{"line":99,"column":11},"end":{"line":106,"column":7}},"60":{"start":{"line":99,"column":46},"end":{"line":99,"column":70}},"61":{"start":{"line":100,"column":8},"end":{"line":100,"column":62}},"62":{"start":{"line":103,"column":8},"end":{"line":103,"column":64}},"63":{"start":{"line":104,"column":8},"end":{"line":104,"column":27}},"64":{"start":{"line":105,"column":8},"end":{"line":105,"column":26}},"65":{"start":{"line":111,"column":21},"end":{"line":122,"column":3}},"66":{"start":{"line":112,"column":4},"end":{"line":121,"column":5}},"67":{"start":{"line":113,"column":25},"end":{"line":118,"column":7}},"68":{"start":{"line":119,"column":6},"end":{"line":119,"column":45}},"69":{"start":{"line":120,"column":6},"end":{"line":120,"column":28}},"70":{"start":{"line":124,"column":22},"end":{"line":127,"column":3}},"71":{"start":{"line":125,"column":4},"end":{"line":125,"column":31}},"72":{"start":{"line":126,"column":4},"end":{"line":126,"column":31}},"73":{"start":{"line":129,"column":30},"end":{"line":132,"column":3}},"74":{"start":{"line":130,"column":4},"end":{"line":130,"column":30}},"75":{"start":{"line":131,"column":4},"end":{"line":131,"column":31}},"76":{"start":{"line":134,"column":30},"end":{"line":138,"column":3}},"77":{"start":{"line":135,"column":4},"end":{"line":135,"column":32}},"78":{"start":{"line":136,"column":4},"end":{"line":136,"column":25}},"79":{"start":{"line":137,"column":4},"end":{"line":137,"column":31}},"80":{"start":{"line":140,"column":31},"end":{"line":148,"column":3}},"81":{"start":{"line":141,"column":4},"end":{"line":143,"column":5}},"82":{"start":{"line":142,"column":6},"end":{"line":142,"column":28}},"83":{"start":{"line":144,"column":4},"end":{"line":144,"column":89}},"84":{"start":{"line":145,"column":4},"end":{"line":145,"column":32}},"85":{"start":{"line":146,"column":4},"end":{"line":146,"column":25}},"86":{"start":{"line":147,"column":4},"end":{"line":147,"column":31}},"87":{"start":{"line":150,"column":2},"end":{"line":264,"column":4}},"88":{"start":{"line":168,"column":56},"end":{"line":168,"column":81}},"89":{"start":{"line":177,"column":16},"end":{"line":182,"column":22}},"90":{"start":{"line":181,"column":99},"end":{"line":181,"column":122}},"91":{"start":{"line":192,"column":31},"end":{"line":192,"column":61}},"92":{"start":{"line":207,"column":62},"end":{"line":207,"column":95}},"93":{"start":{"line":209,"column":37},"end":{"line":209,"column":58}},"94":{"start":{"line":220,"column":105},"end":{"line":220,"column":134}},"95":{"start":{"line":224,"column":16},"end":{"line":224,"column":51}},"96":{"start":{"line":224,"column":39},"end":{"line":224,"column":51}},"97":{"start":{"line":225,"column":16},"end":{"line":225,"column":151}},"98":{"start":{"line":227,"column":16},"end":{"line":257,"column":22}},"99":{"start":{"line":235,"column":83},"end":{"line":235,"column":112}},"100":{"start":{"line":236,"column":85},"end":{"line":236,"column":113}},"101":{"start":{"line":239,"column":81},"end":{"line":239,"column":101}},"102":{"start":{"line":244,"column":142},"end":{"line":244,"column":186}},"103":{"start":{"line":250,"column":24},"end":{"line":253,"column":29}}},"fnMap":{"0":{"name":"Main","decl":{"start":{"line":7,"column":9},"end":{"line":7,"column":13}},"loc":{"start":{"line":7,"column":16},"end":{"line":265,"column":1}},"line":7},"1":{"name":"(anonymous_1)","decl":{"start":{"line":20,"column":38},"end":{"line":20,"column":39}},"loc":{"start":{"line":20,"column":47},"end":{"line":20,"column":61}},"line":20},"2":{"name":"(anonymous_2)","decl":{"start":{"line":25,"column":12},"end":{"line":25,"column":13}},"loc":{"start":{"line":25,"column":18},"end":{"line":42,"column":3}},"line":25},"3":{"name":"(anonymous_3)","decl":{"start":{"line":40,"column":12},"end":{"line":40,"column":13}},"loc":{"start":{"line":40,"column":24},"end":{"line":40,"column":39}},"line":40},"4":{"name":"(anonymous_4)","decl":{"start":{"line":41,"column":12},"end":{"line":41,"column":13}},"loc":{"start":{"line":41,"column":20},"end":{"line":41,"column":34}},"line":41},"5":{"name":"(anonymous_5)","decl":{"start":{"line":45,"column":12},"end":{"line":45,"column":13}},"loc":{"start":{"line":45,"column":18},"end":{"line":49,"column":3}},"line":45},"6":{"name":"(anonymous_6)","decl":{"start":{"line":52,"column":12},"end":{"line":52,"column":13}},"loc":{"start":{"line":52,"column":18},"end":{"line":56,"column":3}},"line":52},"7":{"name":"(anonymous_7)","decl":{"start":{"line":54,"column":34},"end":{"line":54,"column":35}},"loc":{"start":{"line":54,"column":42},"end":{"line":54,"column":71}},"line":54},"8":{"name":"(anonymous_8)","decl":{"start":{"line":59,"column":12},"end":{"line":59,"column":13}},"loc":{"start":{"line":59,"column":18},"end":{"line":70,"column":3}},"line":59},"9":{"name":"(anonymous_9)","decl":{"start":{"line":61,"column":12},"end":{"line":61,"column":13}},"loc":{"start":{"line":61,"column":24},"end":{"line":61,"column":39}},"line":61},"10":{"name":"(anonymous_10)","decl":{"start":{"line":62,"column":12},"end":{"line":62,"column":13}},"loc":{"start":{"line":62,"column":20},"end":{"line":69,"column":7}},"line":62},"11":{"name":"(anonymous_11)","decl":{"start":{"line":63,"column":46},"end":{"line":63,"column":47}},"loc":{"start":{"line":63,"column":54},"end":{"line":63,"column":61}},"line":63},"12":{"name":"(anonymous_12)","decl":{"start":{"line":67,"column":45},"end":{"line":67,"column":46}},"loc":{"start":{"line":67,"column":56},"end":{"line":67,"column":88}},"line":67},"13":{"name":"(anonymous_13)","decl":{"start":{"line":73,"column":23},"end":{"line":73,"column":24}},"loc":{"start":{"line":73,"column":29},"end":{"line":76,"column":3}},"line":73},"14":{"name":"(anonymous_14)","decl":{"start":{"line":79,"column":29},"end":{"line":79,"column":30}},"loc":{"start":{"line":79,"column":35},"end":{"line":84,"column":3}},"line":79},"15":{"name":"(anonymous_15)","decl":{"start":{"line":87,"column":25},"end":{"line":87,"column":26}},"loc":{"start":{"line":87,"column":33},"end":{"line":89,"column":3}},"line":87},"16":{"name":"(anonymous_16)","decl":{"start":{"line":88,"column":25},"end":{"line":88,"column":26}},"loc":{"start":{"line":88,"column":37},"end":{"line":88,"column":76}},"line":88},"17":{"name":"(anonymous_17)","decl":{"start":{"line":88,"column":53},"end":{"line":88,"column":54}},"loc":{"start":{"line":88,"column":61},"end":{"line":88,"column":75}},"line":88},"18":{"name":"(anonymous_18)","decl":{"start":{"line":92,"column":26},"end":{"line":92,"column":27}},"loc":{"start":{"line":92,"column":32},"end":{"line":108,"column":3}},"line":92},"19":{"name":"(anonymous_19)","decl":{"start":{"line":94,"column":35},"end":{"line":94,"column":36}},"loc":{"start":{"line":94,"column":43},"end":{"line":94,"column":96}},"line":94},"20":{"name":"(anonymous_20)","decl":{"start":{"line":99,"column":38},"end":{"line":99,"column":39}},"loc":{"start":{"line":99,"column":46},"end":{"line":99,"column":70}},"line":99},"21":{"name":"(anonymous_21)","decl":{"start":{"line":111,"column":21},"end":{"line":111,"column":22}},"loc":{"start":{"line":111,"column":27},"end":{"line":122,"column":3}},"line":111},"22":{"name":"(anonymous_22)","decl":{"start":{"line":124,"column":22},"end":{"line":124,"column":23}},"loc":{"start":{"line":124,"column":35},"end":{"line":127,"column":3}},"line":124},"23":{"name":"(anonymous_23)","decl":{"start":{"line":129,"column":30},"end":{"line":129,"column":31}},"loc":{"start":{"line":129,"column":52},"end":{"line":132,"column":3}},"line":129},"24":{"name":"(anonymous_24)","decl":{"start":{"line":134,"column":30},"end":{"line":134,"column":31}},"loc":{"start":{"line":134,"column":43},"end":{"line":138,"column":3}},"line":134},"25":{"name":"(anonymous_25)","decl":{"start":{"line":140,"column":31},"end":{"line":140,"column":32}},"loc":{"start":{"line":140,"column":44},"end":{"line":148,"column":3}},"line":140},"26":{"name":"(anonymous_26)","decl":{"start":{"line":168,"column":49},"end":{"line":168,"column":50}},"loc":{"start":{"line":168,"column":56},"end":{"line":168,"column":81}},"line":168},"27":{"name":"(anonymous_27)","decl":{"start":{"line":176,"column":37},"end":{"line":176,"column":38}},"loc":{"start":{"line":177,"column":16},"end":{"line":182,"column":22}},"line":177},"28":{"name":"(anonymous_28)","decl":{"start":{"line":181,"column":93},"end":{"line":181,"column":94}},"loc":{"start":{"line":181,"column":99},"end":{"line":181,"column":122}},"line":181},"29":{"name":"(anonymous_29)","decl":{"start":{"line":192,"column":26},"end":{"line":192,"column":27}},"loc":{"start":{"line":192,"column":31},"end":{"line":192,"column":61}},"line":192},"30":{"name":"(anonymous_30)","decl":{"start":{"line":207,"column":57},"end":{"line":207,"column":58}},"loc":{"start":{"line":207,"column":62},"end":{"line":207,"column":95}},"line":207},"31":{"name":"(anonymous_31)","decl":{"start":{"line":209,"column":31},"end":{"line":209,"column":32}},"loc":{"start":{"line":209,"column":37},"end":{"line":209,"column":58}},"line":209},"32":{"name":"(anonymous_32)","decl":{"start":{"line":220,"column":100},"end":{"line":220,"column":101}},"loc":{"start":{"line":220,"column":105},"end":{"line":220,"column":134}},"line":220},"33":{"name":"(anonymous_33)","decl":{"start":{"line":223,"column":31},"end":{"line":223,"column":32}},"loc":{"start":{"line":223,"column":42},"end":{"line":226,"column":15}},"line":223},"34":{"name":"(anonymous_34)","decl":{"start":{"line":226,"column":21},"end":{"line":226,"column":22}},"loc":{"start":{"line":227,"column":16},"end":{"line":257,"column":22}},"line":227},"35":{"name":"(anonymous_35)","decl":{"start":{"line":235,"column":77},"end":{"line":235,"column":78}},"loc":{"start":{"line":235,"column":83},"end":{"line":235,"column":112}},"line":235},"36":{"name":"(anonymous_36)","decl":{"start":{"line":236,"column":79},"end":{"line":236,"column":80}},"loc":{"start":{"line":236,"column":85},"end":{"line":236,"column":113}},"line":236},"37":{"name":"(anonymous_37)","decl":{"start":{"line":239,"column":75},"end":{"line":239,"column":76}},"loc":{"start":{"line":239,"column":81},"end":{"line":239,"column":101}},"line":239},"38":{"name":"(anonymous_38)","decl":{"start":{"line":244,"column":137},"end":{"line":244,"column":138}},"loc":{"start":{"line":244,"column":142},"end":{"line":244,"column":186}},"line":244},"39":{"name":"(anonymous_39)","decl":{"start":{"line":249,"column":63},"end":{"line":249,"column":64}},"loc":{"start":{"line":250,"column":24},"end":{"line":253,"column":29}},"line":250}},"branchMap":{"0":{"loc":{"start":{"line":27,"column":4},"end":{"line":31,"column":5}},"type":"if","locations":[{"start":{"line":27,"column":4},"end":{"line":31,"column":5}},{"start":{"line":29,"column":11},"end":{"line":31,"column":5}}],"line":27},"1":{"loc":{"start":{"line":46,"column":4},"end":{"line":48,"column":5}},"type":"if","locations":[{"start":{"line":46,"column":4},"end":{"line":48,"column":5}},{"start":{},"end":{}}],"line":46},"2":{"loc":{"start":{"line":46,"column":8},"end":{"line":46,"column":42}},"type":"binary-expr","locations":[{"start":{"line":46,"column":8},"end":{"line":46,"column":19}},{"start":{"line":46,"column":23},"end":{"line":46,"column":42}}],"line":46},"3":{"loc":{"start":{"line":47,"column":20},"end":{"line":47,"column":73}},"type":"binary-expr","locations":[{"start":{"line":47,"column":20},"end":{"line":47,"column":38}},{"start":{"line":47,"column":42},"end":{"line":47,"column":73}}],"line":47},"4":{"loc":{"start":{"line":64,"column":8},"end":{"line":66,"column":9}},"type":"if","locations":[{"start":{"line":64,"column":8},"end":{"line":66,"column":9}},{"start":{},"end":{}}],"line":64},"5":{"loc":{"start":{"line":64,"column":12},"end":{"line":64,"column":41}},"type":"binary-expr","locations":[{"start":{"line":64,"column":12},"end":{"line":64,"column":23}},{"start":{"line":64,"column":27},"end":{"line":64,"column":41}}],"line":64},"6":{"loc":{"start":{"line":93,"column":4},"end":{"line":107,"column":5}},"type":"if","locations":[{"start":{"line":93,"column":4},"end":{"line":107,"column":5}},{"start":{},"end":{}}],"line":93},"7":{"loc":{"start":{"line":96,"column":6},"end":{"line":106,"column":7}},"type":"if","locations":[{"start":{"line":96,"column":6},"end":{"line":106,"column":7}},{"start":{"line":99,"column":11},"end":{"line":106,"column":7}}],"line":96},"8":{"loc":{"start":{"line":99,"column":11},"end":{"line":106,"column":7}},"type":"if","locations":[{"start":{"line":99,"column":11},"end":{"line":106,"column":7}},{"start":{"line":102,"column":11},"end":{"line":106,"column":7}}],"line":99},"9":{"loc":{"start":{"line":112,"column":4},"end":{"line":121,"column":5}},"type":"if","locations":[{"start":{"line":112,"column":4},"end":{"line":121,"column":5}},{"start":{},"end":{}}],"line":112},"10":{"loc":{"start":{"line":141,"column":4},"end":{"line":143,"column":5}},"type":"if","locations":[{"start":{"line":141,"column":4},"end":{"line":143,"column":5}},{"start":{},"end":{}}],"line":141},"11":{"loc":{"start":{"line":166,"column":64},"end":{"line":166,"column":93}},"type":"binary-expr","locations":[{"start":{"line":166,"column":64},"end":{"line":166,"column":80}},{"start":{"line":166,"column":84},"end":{"line":166,"column":93}}],"line":166},"12":{"loc":{"start":{"line":167,"column":47},"end":{"line":167,"column":70}},"type":"binary-expr","locations":[{"start":{"line":167,"column":47},"end":{"line":167,"column":57}},{"start":{"line":167,"column":61},"end":{"line":167,"column":70}}],"line":167},"13":{"loc":{"start":{"line":194,"column":15},"end":{"line":194,"column":76}},"type":"binary-expr","locations":[{"start":{"line":194,"column":15},"end":{"line":194,"column":25}},{"start":{"line":194,"column":29},"end":{"line":194,"column":76}}],"line":194},"14":{"loc":{"start":{"line":224,"column":16},"end":{"line":224,"column":51}},"type":"if","locations":[{"start":{"line":224,"column":16},"end":{"line":224,"column":51}},{"start":{},"end":{}}],"line":224},"15":{"loc":{"start":{"line":225,"column":23},"end":{"line":225,"column":150}},"type":"binary-expr","locations":[{"start":{"line":225,"column":23},"end":{"line":225,"column":85}},{"start":{"line":225,"column":89},"end":{"line":225,"column":150}}],"line":225},"16":{"loc":{"start":{"line":233,"column":20},"end":{"line":240,"column":21}},"type":"cond-expr","locations":[{"start":{"line":234,"column":22},"end":{"line":237,"column":25}},{"start":{"line":239,"column":22},"end":{"line":239,"column":119}}],"line":233},"17":{"loc":{"start":{"line":243,"column":20},"end":{"line":245,"column":21}},"type":"binary-expr","locations":[{"start":{"line":243,"column":20},"end":{"line":243,"column":39}},{"start":{"line":244,"column":22},"end":{"line":244,"column":190}}],"line":243},"18":{"loc":{"start":{"line":249,"column":22},"end":{"line":254,"column":24}},"type":"binary-expr","locations":[{"start":{"line":249,"column":22},"end":{"line":249,"column":38}},{"start":{"line":249,"column":42},"end":{"line":254,"column":24}}],"line":249}},"s":{"0":26,"1":26,"2":26,"3":26,"4":26,"5":26,"6":26,"7":26,"8":26,"9":26,"10":26,"11":26,"12":26,"13":31,"14":26,"15":26,"16":5,"17":5,"18":5,"19":0,"20":5,"21":0,"22":5,"23":26,"24":10,"25":5,"26":26,"27":10,"28":10,"29":50,"30":10,"31":26,"32":17,"33":0,"34":17,"35":21,"36":17,"37":12,"38":17,"39":1700,"40":17,"41":26,"42":0,"43":0,"44":26,"45":0,"46":0,"47":0,"48":0,"49":26,"50":1,"51":1,"52":3,"53":26,"54":1,"55":1,"56":5,"57":1,"58":0,"59":1,"60":3,"61":0,"62":1,"63":1,"64":1,"65":26,"66":0,"67":0,"68":0,"69":0,"70":26,"71":0,"72":0,"73":26,"74":0,"75":0,"76":26,"77":0,"78":0,"79":0,"80":26,"81":0,"82":0,"83":0,"84":0,"85":0,"86":0,"87":26,"88":0,"89":48,"90":1,"91":1,"92":0,"93":0,"94":1,"95":490,"96":450,"97":40,"98":457,"99":0,"100":0,"101":0,"102":0,"103":0},"f":{"0":26,"1":31,"2":5,"3":0,"4":5,"5":10,"6":10,"7":50,"8":17,"9":0,"10":17,"11":21,"12":1700,"13":0,"14":0,"15":1,"16":1,"17":3,"18":1,"19":5,"20":3,"21":0,"22":0,"23":0,"24":0,"25":0,"26":0,"27":48,"28":1,"29":1,"30":0,"31":0,"32":1,"33":490,"34":457,"35":0,"36":0,"37":0,"38":0,"39":0},"b":{"0":[5,0],"1":[5,5],"2":[10,10],"3":[5,5],"4":[12,5],"5":[17,17],"6":[1,0],"7":[0,1],"8":[0,1],"9":[0,0],"10":[0,0],"11":[26,5],"12":[26,10],"13":[26,0],"14":[450,40],"15":[40,37],"16":[0,457],"17":[457,0],"18":[457,0]},"_coverageSchema":"1a1c01bbd47fc00a2c39e90264f33305004495a9","hash":"1d50669f6f2ddfa333042eaa58bf31a2a88b93cb"}
,"/Users/hanfeichi/Desktop/react-prj/src/components/Profile/Profile.js": {"path":"/Users/hanfeichi/Desktop/react-prj/src/components/Profile/Profile.js","statementMap":{"0":{"start":{"line":7,"column":28},"end":{"line":7,"column":64}},"1":{"start":{"line":7,"column":49},"end":{"line":7,"column":63}},"2":{"start":{"line":9,"column":36},"end":{"line":9,"column":48}},"3":{"start":{"line":10,"column":36},"end":{"line":16,"column":6}},"4":{"start":{"line":17,"column":32},"end":{"line":17,"column":44}},"5":{"start":{"line":20,"column":4},"end":{"line":26,"column":26}},"6":{"start":{"line":21,"column":8},"end":{"line":25,"column":15}},"7":{"start":{"line":22,"column":30},"end":{"line":22,"column":45}},"8":{"start":{"line":24,"column":16},"end":{"line":24,"column":43}},"9":{"start":{"line":28,"column":30},"end":{"line":34,"column":5}},"10":{"start":{"line":29,"column":32},"end":{"line":29,"column":40}},"11":{"start":{"line":30,"column":8},"end":{"line":33,"column":12}},"12":{"start":{"line":30,"column":31},"end":{"line":33,"column":9}},"13":{"start":{"line":36,"column":25},"end":{"line":84,"column":5}},"14":{"start":{"line":37,"column":8},"end":{"line":37,"column":27}},"15":{"start":{"line":39,"column":24},"end":{"line":39,"column":26}},"16":{"start":{"line":41,"column":8},"end":{"line":43,"column":9}},"17":{"start":{"line":42,"column":12},"end":{"line":42,"column":123}},"18":{"start":{"line":45,"column":8},"end":{"line":47,"column":9}},"19":{"start":{"line":46,"column":12},"end":{"line":46,"column":54}},"20":{"start":{"line":49,"column":27},"end":{"line":49,"column":48}},"21":{"start":{"line":50,"column":8},"end":{"line":52,"column":9}},"22":{"start":{"line":51,"column":12},"end":{"line":51,"column":77}},"23":{"start":{"line":54,"column":29},"end":{"line":54,"column":38}},"24":{"start":{"line":55,"column":8},"end":{"line":57,"column":9}},"25":{"start":{"line":56,"column":12},"end":{"line":56,"column":62}},"26":{"start":{"line":59,"column":8},"end":{"line":59,"column":29}},"27":{"start":{"line":61,"column":8},"end":{"line":83,"column":9}},"28":{"start":{"line":62,"column":32},"end":{"line":62,"column":47}},"29":{"start":{"line":63,"column":12},"end":{"line":63,"column":76}},"30":{"start":{"line":63,"column":35},"end":{"line":63,"column":76}},"31":{"start":{"line":64,"column":12},"end":{"line":64,"column":67}},"32":{"start":{"line":64,"column":32},"end":{"line":64,"column":67}},"33":{"start":{"line":65,"column":12},"end":{"line":65,"column":67}},"34":{"start":{"line":65,"column":32},"end":{"line":65,"column":67}},"35":{"start":{"line":66,"column":12},"end":{"line":69,"column":13}},"36":{"start":{"line":67,"column":16},"end":{"line":67,"column":67}},"37":{"start":{"line":67,"column":42},"end":{"line":67,"column":67}},"38":{"start":{"line":68,"column":16},"end":{"line":68,"column":63}},"39":{"start":{"line":70,"column":12},"end":{"line":73,"column":13}},"40":{"start":{"line":71,"column":16},"end":{"line":71,"column":67}},"41":{"start":{"line":71,"column":42},"end":{"line":71,"column":67}},"42":{"start":{"line":72,"column":16},"end":{"line":72,"column":63}},"43":{"start":{"line":74,"column":12},"end":{"line":74,"column":37}},"44":{"start":{"line":76,"column":12},"end":{"line":82,"column":15}},"45":{"start":{"line":86,"column":4},"end":{"line":194,"column":6}}},"fnMap":{"0":{"name":"Profile","decl":{"start":{"line":6,"column":9},"end":{"line":6,"column":16}},"loc":{"start":{"line":6,"column":19},"end":{"line":195,"column":1}},"line":6},"1":{"name":"(anonymous_1)","decl":{"start":{"line":7,"column":40},"end":{"line":7,"column":41}},"loc":{"start":{"line":7,"column":49},"end":{"line":7,"column":63}},"line":7},"2":{"name":"(anonymous_2)","decl":{"start":{"line":20,"column":14},"end":{"line":20,"column":15}},"loc":{"start":{"line":20,"column":20},"end":{"line":26,"column":5}},"line":20},"3":{"name":"(anonymous_3)","decl":{"start":{"line":22,"column":18},"end":{"line":22,"column":19}},"loc":{"start":{"line":22,"column":30},"end":{"line":22,"column":45}},"line":22},"4":{"name":"(anonymous_4)","decl":{"start":{"line":23,"column":18},"end":{"line":23,"column":19}},"loc":{"start":{"line":23,"column":26},"end":{"line":25,"column":13}},"line":23},"5":{"name":"(anonymous_5)","decl":{"start":{"line":28,"column":30},"end":{"line":28,"column":31}},"loc":{"start":{"line":28,"column":37},"end":{"line":34,"column":5}},"line":28},"6":{"name":"(anonymous_6)","decl":{"start":{"line":30,"column":20},"end":{"line":30,"column":21}},"loc":{"start":{"line":30,"column":31},"end":{"line":33,"column":9}},"line":30},"7":{"name":"(anonymous_7)","decl":{"start":{"line":36,"column":25},"end":{"line":36,"column":26}},"loc":{"start":{"line":36,"column":32},"end":{"line":84,"column":5}},"line":36}},"branchMap":{"0":{"loc":{"start":{"line":24,"column":28},"end":{"line":24,"column":41}},"type":"binary-expr","locations":[{"start":{"line":24,"column":28},"end":{"line":24,"column":35}},{"start":{"line":24,"column":39},"end":{"line":24,"column":41}}],"line":24},"1":{"loc":{"start":{"line":41,"column":8},"end":{"line":43,"column":9}},"type":"if","locations":[{"start":{"line":41,"column":8},"end":{"line":43,"column":9}},{"start":{},"end":{}}],"line":41},"2":{"loc":{"start":{"line":41,"column":12},"end":{"line":41,"column":84}},"type":"binary-expr","locations":[{"start":{"line":41,"column":12},"end":{"line":41,"column":29}},{"start":{"line":41,"column":33},"end":{"line":41,"column":84}}],"line":41},"3":{"loc":{"start":{"line":45,"column":8},"end":{"line":47,"column":9}},"type":"if","locations":[{"start":{"line":45,"column":8},"end":{"line":47,"column":9}},{"start":{},"end":{}}],"line":45},"4":{"loc":{"start":{"line":45,"column":12},"end":{"line":45,"column":101}},"type":"binary-expr","locations":[{"start":{"line":45,"column":12},"end":{"line":45,"column":26}},{"start":{"line":45,"column":30},"end":{"line":45,"column":101}}],"line":45},"5":{"loc":{"start":{"line":50,"column":8},"end":{"line":52,"column":9}},"type":"if","locations":[{"start":{"line":50,"column":8},"end":{"line":52,"column":9}},{"start":{},"end":{}}],"line":50},"6":{"loc":{"start":{"line":50,"column":12},"end":{"line":50,"column":62}},"type":"binary-expr","locations":[{"start":{"line":50,"column":12},"end":{"line":50,"column":26}},{"start":{"line":50,"column":30},"end":{"line":50,"column":62}}],"line":50},"7":{"loc":{"start":{"line":55,"column":8},"end":{"line":57,"column":9}},"type":"if","locations":[{"start":{"line":55,"column":8},"end":{"line":57,"column":9}},{"start":{},"end":{}}],"line":55},"8":{"loc":{"start":{"line":55,"column":12},"end":{"line":55,"column":68}},"type":"binary-expr","locations":[{"start":{"line":55,"column":12},"end":{"line":55,"column":28}},{"start":{"line":55,"column":32},"end":{"line":55,"column":68}}],"line":55},"9":{"loc":{"start":{"line":61,"column":8},"end":{"line":83,"column":9}},"type":"if","locations":[{"start":{"line":61,"column":8},"end":{"line":83,"column":9}},{"start":{},"end":{}}],"line":61},"10":{"loc":{"start":{"line":63,"column":12},"end":{"line":63,"column":76}},"type":"if","locations":[{"start":{"line":63,"column":12},"end":{"line":63,"column":76}},{"start":{},"end":{}}],"line":63},"11":{"loc":{"start":{"line":64,"column":12},"end":{"line":64,"column":67}},"type":"if","locations":[{"start":{"line":64,"column":12},"end":{"line":64,"column":67}},{"start":{},"end":{}}],"line":64},"12":{"loc":{"start":{"line":65,"column":12},"end":{"line":65,"column":67}},"type":"if","locations":[{"start":{"line":65,"column":12},"end":{"line":65,"column":67}},{"start":{},"end":{}}],"line":65},"13":{"loc":{"start":{"line":66,"column":12},"end":{"line":69,"column":13}},"type":"if","locations":[{"start":{"line":66,"column":12},"end":{"line":69,"column":13}},{"start":{},"end":{}}],"line":66},"14":{"loc":{"start":{"line":67,"column":16},"end":{"line":67,"column":67}},"type":"if","locations":[{"start":{"line":67,"column":16},"end":{"line":67,"column":67}},{"start":{},"end":{}}],"line":67},"15":{"loc":{"start":{"line":70,"column":12},"end":{"line":73,"column":13}},"type":"if","locations":[{"start":{"line":70,"column":12},"end":{"line":73,"column":13}},{"start":{},"end":{}}],"line":70},"16":{"loc":{"start":{"line":71,"column":16},"end":{"line":71,"column":67}},"type":"if","locations":[{"start":{"line":71,"column":16},"end":{"line":71,"column":67}},{"start":{},"end":{}}],"line":71},"17":{"loc":{"start":{"line":137,"column":37},"end":{"line":137,"column":108}},"type":"binary-expr","locations":[{"start":{"line":137,"column":37},"end":{"line":137,"column":52}},{"start":{"line":137,"column":56},"end":{"line":137,"column":108}}],"line":137},"18":{"loc":{"start":{"line":149,"column":37},"end":{"line":149,"column":102}},"type":"binary-expr","locations":[{"start":{"line":149,"column":37},"end":{"line":149,"column":49}},{"start":{"line":149,"column":53},"end":{"line":149,"column":102}}],"line":149},"19":{"loc":{"start":{"line":161,"column":37},"end":{"line":161,"column":102}},"type":"binary-expr","locations":[{"start":{"line":161,"column":37},"end":{"line":161,"column":49}},{"start":{"line":161,"column":53},"end":{"line":161,"column":102}}],"line":161},"20":{"loc":{"start":{"line":173,"column":37},"end":{"line":173,"column":106}},"type":"binary-expr","locations":[{"start":{"line":173,"column":37},"end":{"line":173,"column":51}},{"start":{"line":173,"column":55},"end":{"line":173,"column":106}}],"line":173}},"s":{"0":6,"1":10,"2":6,"3":6,"4":6,"5":6,"6":4,"7":2,"8":2,"9":6,"10":0,"11":0,"12":0,"13":6,"14":0,"15":0,"16":0,"17":0,"18":0,"19":0,"20":0,"21":0,"22":0,"23":0,"24":0,"25":0,"26":0,"27":0,"28":0,"29":0,"30":0,"31":0,"32":0,"33":0,"34":0,"35":0,"36":0,"37":0,"38":0,"39":0,"40":0,"41":0,"42":0,"43":0,"44":0,"45":6},"f":{"0":6,"1":10,"2":4,"3":2,"4":2,"5":0,"6":0,"7":0},"b":{"0":[2,0],"1":[0,0],"2":[0,0],"3":[0,0],"4":[0,0],"5":[0,0],"6":[0,0],"7":[0,0],"8":[0,0],"9":[0,0],"10":[0,0],"11":[0,0],"12":[0,0],"13":[0,0],"14":[0,0],"15":[0,0],"16":[0,0],"17":[6,0],"18":[6,0],"19":[6,0],"20":[6,0]},"_coverageSchema":"1a1c01bbd47fc00a2c39e90264f33305004495a9","hash":"9f82fcad35134d90cdd181680fc629260d035c23"}
}
