TN:
SF:src/App.js
FN:8,App
FNF:1
FNH:0
FNDA:0,App
DA:9,0
LF:1
LH:0
BRF:0
BRH:0
end_of_record
TN:
SF:src/actions.js
FN:4,(anonymous_0)
FN:10,(anonymous_1)
FNF:2
FNH:1
FNDA:3,(anonymous_0)
FNDA:0,(anonymous_1)
DA:1,3
DA:2,3
DA:4,3
DA:5,3
DA:10,3
DA:11,0
LF:6
LH:5
BRF:0
BRH:0
end_of_record
TN:
SF:src/index.js
FNF:0
FNH:0
DA:11,0
DA:15,0
DA:16,0
DA:24,0
LF:4
LH:0
BRF:0
BRH:0
end_of_record
TN:
SF:src/reducers.js
FN:8,(anonymous_0)
FNF:1
FNH:1
FNDA:18,(anonymous_0)
DA:4,3
DA:8,3
DA:9,18
DA:11,3
DA:16,0
DA:21,15
LF:6
LH:5
BRDA:8,0,0,6
BRDA:9,1,0,3
BRDA:9,1,1,0
BRDA:9,1,2,15
BRF:4
BRH:3
end_of_record
TN:
SF:src/reportWebVitals.js
FN:1,(anonymous_0)
FN:3,(anonymous_1)
FNF:2
FNH:0
FNDA:0,(anonymous_0)
FNDA:0,(anonymous_1)
DA:1,0
DA:2,0
DA:3,0
DA:4,0
DA:5,0
DA:6,0
DA:7,0
DA:8,0
LF:8
LH:0
BRDA:2,0,0,0
BRDA:2,0,1,0
BRDA:2,1,0,0
BRDA:2,1,1,0
BRF:4
BRH:0
end_of_record
TN:
SF:src/components/Landing/Landing.js
FN:6,Landing
FNF:1
FNH:0
FNDA:0,Landing
DA:7,0
LF:1
LH:0
BRF:0
BRH:0
end_of_record
TN:
SF:src/components/Landing/Login.js
FN:6,Login
FN:14,(anonymous_1)
FN:16,(anonymous_2)
FN:17,(anonymous_3)
FN:22,(anonymous_4)
FN:25,(anonymous_5)
FN:49,(anonymous_6)
FN:63,(anonymous_7)
FNF:8
FNH:7
FNDA:30,Login
FNDA:6,(anonymous_1)
FNDA:0,(anonymous_2)
FNDA:6,(anonymous_3)
FNDA:6,(anonymous_4)
FNDA:45,(anonymous_5)
FNDA:6,(anonymous_6)
FNDA:6,(anonymous_7)
DA:7,30
DA:8,30
DA:9,30
DA:10,30
DA:11,30
DA:12,30
DA:14,30
DA:15,6
DA:16,0
DA:18,6
DA:22,30
DA:23,6
DA:25,45
DA:26,6
DA:27,3
DA:28,3
DA:29,3
DA:31,3
DA:33,3
DA:37,30
DA:49,6
DA:63,6
LF:22
LH:21
BRDA:25,0,0,45
BRDA:25,0,1,4
BRDA:26,1,0,3
BRDA:26,1,1,3
BRDA:67,2,0,30
BRDA:67,2,1,6
BRF:6
BRH:6
end_of_record
TN:
SF:src/components/Landing/Registration.js
FN:4,Registration
FN:17,(anonymous_1)
FN:19,(anonymous_2)
FN:25,(anonymous_3)
FN:66,(anonymous_4)
FNF:5
FNH:0
FNDA:0,Registration
FNDA:0,(anonymous_1)
FNDA:0,(anonymous_2)
FNDA:0,(anonymous_3)
FNDA:0,(anonymous_4)
DA:5,0
DA:14,0
DA:15,0
DA:17,0
DA:18,0
DA:19,0
DA:25,0
DA:26,0
DA:28,0
DA:30,0
DA:31,0
DA:34,0
DA:35,0
DA:38,0
DA:39,0
DA:40,0
DA:43,0
DA:44,0
DA:45,0
DA:48,0
DA:49,0
DA:50,0
DA:51,0
DA:54,0
DA:55,0
DA:58,0
DA:60,0
DA:61,0
DA:66,0
DA:67,0
DA:77,0
DA:80,0
LF:32
LH:0
BRDA:30,0,0,0
BRDA:30,0,1,0
BRDA:34,1,0,0
BRDA:34,1,1,0
BRDA:39,2,0,0
BRDA:39,2,1,0
BRDA:44,3,0,0
BRDA:44,3,1,0
BRDA:50,4,0,0
BRDA:50,4,1,0
BRDA:54,5,0,0
BRDA:54,5,1,0
BRDA:60,6,0,0
BRDA:60,6,1,0
BRDA:95,7,0,0
BRDA:95,7,1,0
BRDA:108,8,0,0
BRDA:108,8,1,0
BRDA:121,9,0,0
BRDA:121,9,1,0
BRDA:134,10,0,0
BRDA:134,10,1,0
BRDA:147,11,0,0
BRDA:147,11,1,0
BRDA:172,12,0,0
BRDA:172,12,1,0
BRF:26
BRH:0
end_of_record
TN:
SF:src/components/Main/Main.js
FN:7,Main
FN:20,(anonymous_1)
FN:25,(anonymous_2)
FN:40,(anonymous_3)
FN:41,(anonymous_4)
FN:45,(anonymous_5)
FN:52,(anonymous_6)
FN:54,(anonymous_7)
FN:59,(anonymous_8)
FN:61,(anonymous_9)
FN:62,(anonymous_10)
FN:63,(anonymous_11)
FN:67,(anonymous_12)
FN:73,(anonymous_13)
FN:79,(anonymous_14)
FN:87,(anonymous_15)
FN:88,(anonymous_16)
FN:88,(anonymous_17)
FN:92,(anonymous_18)
FN:94,(anonymous_19)
FN:99,(anonymous_20)
FN:111,(anonymous_21)
FN:124,(anonymous_22)
FN:129,(anonymous_23)
FN:134,(anonymous_24)
FN:140,(anonymous_25)
FN:168,(anonymous_26)
FN:176,(anonymous_27)
FN:181,(anonymous_28)
FN:192,(anonymous_29)
FN:207,(anonymous_30)
FN:209,(anonymous_31)
FN:220,(anonymous_32)
FN:223,(anonymous_33)
FN:226,(anonymous_34)
FN:235,(anonymous_35)
FN:236,(anonymous_36)
FN:239,(anonymous_37)
FN:244,(anonymous_38)
FN:249,(anonymous_39)
FNF:40
FNH:23
FNDA:26,Main
FNDA:31,(anonymous_1)
FNDA:5,(anonymous_2)
FNDA:0,(anonymous_3)
FNDA:5,(anonymous_4)
FNDA:10,(anonymous_5)
FNDA:10,(anonymous_6)
FNDA:50,(anonymous_7)
FNDA:17,(anonymous_8)
FNDA:0,(anonymous_9)
FNDA:17,(anonymous_10)
FNDA:21,(anonymous_11)
FNDA:1700,(anonymous_12)
FNDA:0,(anonymous_13)
FNDA:0,(anonymous_14)
FNDA:1,(anonymous_15)
FNDA:1,(anonymous_16)
FNDA:3,(anonymous_17)
FNDA:1,(anonymous_18)
FNDA:5,(anonymous_19)
FNDA:3,(anonymous_20)
FNDA:0,(anonymous_21)
FNDA:0,(anonymous_22)
FNDA:0,(anonymous_23)
FNDA:0,(anonymous_24)
FNDA:0,(anonymous_25)
FNDA:0,(anonymous_26)
FNDA:48,(anonymous_27)
FNDA:1,(anonymous_28)
FNDA:1,(anonymous_29)
FNDA:0,(anonymous_30)
FNDA:0,(anonymous_31)
FNDA:1,(anonymous_32)
FNDA:490,(anonymous_33)
FNDA:457,(anonymous_34)
FNDA:0,(anonymous_35)
FNDA:0,(anonymous_36)
FNDA:0,(anonymous_37)
FNDA:0,(anonymous_38)
FNDA:0,(anonymous_39)
DA:8,26
DA:9,26
DA:10,26
DA:11,26
DA:12,26
DA:13,26
DA:14,26
DA:15,26
DA:16,26
DA:17,26
DA:18,26
DA:19,26
DA:20,31
DA:23,26
DA:25,26
DA:26,5
DA:27,5
DA:28,5
DA:30,0
DA:39,5
DA:40,0
DA:41,5
DA:45,26
DA:46,10
DA:47,5
DA:52,26
DA:53,10
DA:54,50
DA:55,10
DA:59,26
DA:60,17
DA:61,0
DA:63,21
DA:64,17
DA:65,12
DA:67,1700
DA:68,17
DA:73,26
DA:74,0
DA:75,0
DA:79,26
DA:80,0
DA:81,0
DA:82,0
DA:83,0
DA:87,26
DA:88,3
DA:92,26
DA:93,1
DA:94,5
DA:96,1
DA:97,0
DA:99,3
DA:100,0
DA:103,1
DA:104,1
DA:105,1
DA:111,26
DA:112,0
DA:113,0
DA:119,0
DA:120,0
DA:124,26
DA:125,0
DA:126,0
DA:129,26
DA:130,0
DA:131,0
DA:134,26
DA:135,0
DA:136,0
DA:137,0
DA:140,26
DA:141,0
DA:142,0
DA:144,0
DA:145,0
DA:146,0
DA:147,0
DA:150,26
DA:168,0
DA:177,48
DA:181,1
DA:192,1
DA:207,0
DA:209,0
DA:220,1
DA:224,490
DA:225,40
DA:227,457
DA:235,0
DA:236,0
DA:239,0
DA:244,0
DA:250,0
LF:95
LH:59
BRDA:27,0,0,5
BRDA:27,0,1,0
BRDA:46,1,0,5
BRDA:46,1,1,5
BRDA:46,2,0,10
BRDA:46,2,1,10
BRDA:47,3,0,5
BRDA:47,3,1,5
BRDA:64,4,0,12
BRDA:64,4,1,5
BRDA:64,5,0,17
BRDA:64,5,1,17
BRDA:93,6,0,1
BRDA:93,6,1,0
BRDA:96,7,0,0
BRDA:96,7,1,1
BRDA:99,8,0,0
BRDA:99,8,1,1
BRDA:112,9,0,0
BRDA:112,9,1,0
BRDA:141,10,0,0
BRDA:141,10,1,0
BRDA:166,11,0,26
BRDA:166,11,1,5
BRDA:167,12,0,26
BRDA:167,12,1,10
BRDA:194,13,0,26
BRDA:194,13,1,0
BRDA:224,14,0,450
BRDA:224,14,1,40
BRDA:225,15,0,40
BRDA:225,15,1,37
BRDA:233,16,0,0
BRDA:233,16,1,457
BRDA:243,17,0,457
BRDA:243,17,1,0
BRDA:249,18,0,457
BRDA:249,18,1,0
BRF:38
BRH:26
end_of_record
TN:
SF:src/components/Profile/Profile.js
FN:6,Profile
FN:7,(anonymous_1)
FN:20,(anonymous_2)
FN:22,(anonymous_3)
FN:23,(anonymous_4)
FN:28,(anonymous_5)
FN:30,(anonymous_6)
FN:36,(anonymous_7)
FNF:8
FNH:5
FNDA:6,Profile
FNDA:10,(anonymous_1)
FNDA:4,(anonymous_2)
FNDA:2,(anonymous_3)
FNDA:2,(anonymous_4)
FNDA:0,(anonymous_5)
FNDA:0,(anonymous_6)
FNDA:0,(anonymous_7)
DA:7,10
DA:9,6
DA:10,6
DA:17,6
DA:20,6
DA:21,4
DA:22,2
DA:24,2
DA:28,6
DA:29,0
DA:30,0
DA:36,6
DA:37,0
DA:39,0
DA:41,0
DA:42,0
DA:45,0
DA:46,0
DA:49,0
DA:50,0
DA:51,0
DA:54,0
DA:55,0
DA:56,0
DA:59,0
DA:61,0
DA:62,0
DA:63,0
DA:64,0
DA:65,0
DA:66,0
DA:67,0
DA:68,0
DA:70,0
DA:71,0
DA:72,0
DA:74,0
DA:76,0
DA:86,6
LF:39
LH:11
BRDA:24,0,0,2
BRDA:24,0,1,0
BRDA:41,1,0,0
BRDA:41,1,1,0
BRDA:41,2,0,0
BRDA:41,2,1,0
BRDA:45,3,0,0
BRDA:45,3,1,0
BRDA:45,4,0,0
BRDA:45,4,1,0
BRDA:50,5,0,0
BRDA:50,5,1,0
BRDA:50,6,0,0
BRDA:50,6,1,0
BRDA:55,7,0,0
BRDA:55,7,1,0
BRDA:55,8,0,0
BRDA:55,8,1,0
BRDA:61,9,0,0
BRDA:61,9,1,0
BRDA:63,10,0,0
BRDA:63,10,1,0
BRDA:64,11,0,0
BRDA:64,11,1,0
BRDA:65,12,0,0
BRDA:65,12,1,0
BRDA:66,13,0,0
BRDA:66,13,1,0
BRDA:67,14,0,0
BRDA:67,14,1,0
BRDA:70,15,0,0
BRDA:70,15,1,0
BRDA:71,16,0,0
BRDA:71,16,1,0
BRDA:137,17,0,6
BRDA:137,17,1,0
BRDA:149,18,0,6
BRDA:149,18,1,0
BRDA:161,19,0,6
BRDA:161,19,1,0
BRDA:173,20,0,6
BRDA:173,20,1,0
BRF:42
BRH:5
end_of_record
